2024-10-04 11:53:01 [http-nio-8080-exec-1] DEBUG o.s.orm.jpa.JpaTransactionManager - Found thread-bound EntityManager [SessionImpl(567309311<open>)] for JPA transaction
2024-10-04 11:53:01 [http-nio-8080-exec-1] DEBUG o.s.orm.jpa.JpaTransactionManager - Creating new transaction with name [distri.gestion_usuarios.service.UsuarioService.obtenerUsuarioPorId]: PROPAGATION_REQUIRED,ISOLATION_DEFAULT,timeout_1,-java.lang.Exception
2024-10-04 11:53:01 [http-nio-8080-exec-1] DEBUG o.s.orm.jpa.JpaTransactionManager - Exposing JPA transaction as JDBC [org.springframework.orm.jpa.vendor.HibernateJpaDialect$HibernateConnectionHandle@3d71bca7]
2024-10-04 11:53:03 [http-nio-8080-exec-1] DEBUG o.s.orm.jpa.JpaTransactionManager - Initiating transaction rollback
2024-10-04 11:53:03 [http-nio-8080-exec-1] DEBUG o.s.orm.jpa.JpaTransactionManager - Rolling back JPA transaction on EntityManager [SessionImpl(567309311<open>)]
2024-10-04 11:53:03 [http-nio-8080-exec-1] DEBUG o.s.orm.jpa.JpaTransactionManager - Not closing pre-bound JPA EntityManager after transaction
2024-10-04 11:54:04 [http-nio-8080-exec-3] DEBUG o.s.orm.jpa.JpaTransactionManager - Found thread-bound EntityManager [SessionImpl(736541970<open>)] for JPA transaction
2024-10-04 11:54:04 [http-nio-8080-exec-3] DEBUG o.s.orm.jpa.JpaTransactionManager - Creating new transaction with name [distri.gestion_usuarios.service.UsuarioService.crearUsuario]: PROPAGATION_REQUIRED,ISOLATION_DEFAULT,-java.lang.Exception
2024-10-04 11:54:04 [http-nio-8080-exec-3] DEBUG o.s.orm.jpa.JpaTransactionManager - Exposing JPA transaction as JDBC [org.springframework.orm.jpa.vendor.HibernateJpaDialect$HibernateConnectionHandle@38fb85c1]
2024-10-04 11:54:04 [http-nio-8080-exec-3] DEBUG o.s.orm.jpa.JpaTransactionManager - Initiating transaction rollback
2024-10-04 11:54:04 [http-nio-8080-exec-3] DEBUG o.s.orm.jpa.JpaTransactionManager - Rolling back JPA transaction on EntityManager [SessionImpl(736541970<open>)]
2024-10-04 11:54:05 [http-nio-8080-exec-3] DEBUG o.s.orm.jpa.JpaTransactionManager - Not closing pre-bound JPA EntityManager after transaction
2024-10-04 11:54:37 [http-nio-8080-exec-4] DEBUG o.s.orm.jpa.JpaTransactionManager - Found thread-bound EntityManager [SessionImpl(977029130<open>)] for JPA transaction
2024-10-04 11:54:37 [http-nio-8080-exec-4] DEBUG o.s.orm.jpa.JpaTransactionManager - Creating new transaction with name [distri.gestion_usuarios.service.UsuarioService.crearUsuario]: PROPAGATION_REQUIRED,ISOLATION_DEFAULT,-java.lang.Exception
2024-10-04 11:54:37 [http-nio-8080-exec-4] DEBUG o.s.orm.jpa.JpaTransactionManager - Exposing JPA transaction as JDBC [org.springframework.orm.jpa.vendor.HibernateJpaDialect$HibernateConnectionHandle@34fbb13d]
2024-10-04 11:54:37 [http-nio-8080-exec-4] DEBUG o.s.orm.jpa.JpaTransactionManager - Found thread-bound EntityManager [SessionImpl(977029130<open>)] for JPA transaction
2024-10-04 11:54:37 [http-nio-8080-exec-4] DEBUG o.s.orm.jpa.JpaTransactionManager - Participating in existing transaction
2024-10-04 11:54:38 [http-nio-8080-exec-4] DEBUG o.s.orm.jpa.JpaTransactionManager - Found thread-bound EntityManager [SessionImpl(977029130<open>)] for JPA transaction
2024-10-04 11:54:38 [http-nio-8080-exec-4] DEBUG o.s.orm.jpa.JpaTransactionManager - Participating in existing transaction
2024-10-04 11:54:38 [http-nio-8080-exec-4] DEBUG o.s.orm.jpa.JpaTransactionManager - Initiating transaction commit
2024-10-04 11:54:38 [http-nio-8080-exec-4] DEBUG o.s.orm.jpa.JpaTransactionManager - Committing JPA transaction on EntityManager [SessionImpl(977029130<open>)]
2024-10-04 11:54:38 [http-nio-8080-exec-4] DEBUG o.s.orm.jpa.JpaTransactionManager - Not closing pre-bound JPA EntityManager after transaction
2024-10-04 11:55:00 [http-nio-8080-exec-5] DEBUG o.s.orm.jpa.JpaTransactionManager - Found thread-bound EntityManager [SessionImpl(848276307<open>)] for JPA transaction
2024-10-04 11:55:00 [http-nio-8080-exec-5] DEBUG o.s.orm.jpa.JpaTransactionManager - Creating new transaction with name [distri.gestion_usuarios.transacciones.UsuarioDirectTransactionsService.requiredPorEmail]: PROPAGATION_REQUIRED,ISOLATION_DEFAULT
2024-10-04 11:55:00 [http-nio-8080-exec-5] DEBUG o.s.orm.jpa.JpaTransactionManager - Exposing JPA transaction as JDBC [org.springframework.orm.jpa.vendor.HibernateJpaDialect$HibernateConnectionHandle@36b029da]
2024-10-04 11:55:00 [http-nio-8080-exec-5] DEBUG o.s.orm.jpa.JpaTransactionManager - Initiating transaction commit
2024-10-04 11:55:00 [http-nio-8080-exec-5] DEBUG o.s.orm.jpa.JpaTransactionManager - Committing JPA transaction on EntityManager [SessionImpl(848276307<open>)]
2024-10-04 11:55:00 [http-nio-8080-exec-5] DEBUG o.s.orm.jpa.JpaTransactionManager - Not closing pre-bound JPA EntityManager after transaction
2024-10-04 11:55:13 [http-nio-8080-exec-6] DEBUG o.s.orm.jpa.JpaTransactionManager - Found thread-bound EntityManager [SessionImpl(675243342<open>)] for JPA transaction
2024-10-04 11:55:19 [http-nio-8080-exec-7] DEBUG o.s.orm.jpa.JpaTransactionManager - Found thread-bound EntityManager [SessionImpl(114147103<open>)] for JPA transaction
2024-10-04 11:55:24 [http-nio-8080-exec-8] DEBUG o.s.orm.jpa.JpaTransactionManager - Found thread-bound EntityManager [SessionImpl(534231576<open>)] for JPA transaction
2024-10-04 11:55:29 [http-nio-8080-exec-9] DEBUG o.s.orm.jpa.JpaTransactionManager - Found thread-bound EntityManager [SessionImpl(358617146<open>)] for JPA transaction
2024-10-04 11:55:29 [http-nio-8080-exec-9] DEBUG o.s.orm.jpa.JpaTransactionManager - Creating new transaction with name [distri.gestion_usuarios.transacciones.UsuarioDirectTransactionsService.requires_newPorEmail]: PROPAGATION_REQUIRES_NEW,ISOLATION_DEFAULT
2024-10-04 11:55:29 [http-nio-8080-exec-9] DEBUG o.s.orm.jpa.JpaTransactionManager - Exposing JPA transaction as JDBC [org.springframework.orm.jpa.vendor.HibernateJpaDialect$HibernateConnectionHandle@1ba7ece6]
2024-10-04 11:55:30 [http-nio-8080-exec-9] DEBUG o.s.orm.jpa.JpaTransactionManager - Initiating transaction commit
2024-10-04 11:55:30 [http-nio-8080-exec-9] DEBUG o.s.orm.jpa.JpaTransactionManager - Committing JPA transaction on EntityManager [SessionImpl(358617146<open>)]
2024-10-04 11:55:30 [http-nio-8080-exec-9] DEBUG o.s.orm.jpa.JpaTransactionManager - Not closing pre-bound JPA EntityManager after transaction
2024-10-04 11:55:37 [http-nio-8080-exec-10] DEBUG o.s.orm.jpa.JpaTransactionManager - Found thread-bound EntityManager [SessionImpl(1296718599<open>)] for JPA transaction
2024-10-04 11:56:03 [http-nio-8080-exec-1] DEBUG o.s.orm.jpa.JpaTransactionManager - Found thread-bound EntityManager [SessionImpl(114649760<open>)] for JPA transaction
2024-10-04 11:56:03 [http-nio-8080-exec-1] DEBUG o.s.orm.jpa.JpaTransactionManager - Creating new transaction with name [distri.gestion_usuarios.transacciones.UsuarioDirectTransactionsService.requiredPorEmail]: PROPAGATION_REQUIRED,ISOLATION_DEFAULT
2024-10-04 11:56:03 [http-nio-8080-exec-1] DEBUG o.s.orm.jpa.JpaTransactionManager - Exposing JPA transaction as JDBC [org.springframework.orm.jpa.vendor.HibernateJpaDialect$HibernateConnectionHandle@7c605f03]
2024-10-04 11:56:03 [http-nio-8080-exec-1] DEBUG o.s.orm.jpa.JpaTransactionManager - Initiating transaction commit
2024-10-04 11:56:03 [http-nio-8080-exec-1] DEBUG o.s.orm.jpa.JpaTransactionManager - Committing JPA transaction on EntityManager [SessionImpl(114649760<open>)]
2024-10-04 11:56:03 [http-nio-8080-exec-1] DEBUG o.s.orm.jpa.JpaTransactionManager - Not closing pre-bound JPA EntityManager after transaction
2024-10-04 11:56:03 [http-nio-8080-exec-1] DEBUG o.s.orm.jpa.JpaTransactionManager - Found thread-bound EntityManager [SessionImpl(114649760<open>)] for JPA transaction
2024-10-04 11:56:03 [http-nio-8080-exec-1] DEBUG o.s.orm.jpa.JpaTransactionManager - Creating new transaction with name [org.springframework.data.jpa.repository.support.SimpleJpaRepository.save]: PROPAGATION_REQUIRED,ISOLATION_DEFAULT
2024-10-04 11:56:03 [http-nio-8080-exec-1] DEBUG o.s.orm.jpa.JpaTransactionManager - Exposing JPA transaction as JDBC [org.springframework.orm.jpa.vendor.HibernateJpaDialect$HibernateConnectionHandle@1b04ad57]
2024-10-04 11:56:03 [http-nio-8080-exec-1] DEBUG o.s.orm.jpa.JpaTransactionManager - Initiating transaction commit
2024-10-04 11:56:03 [http-nio-8080-exec-1] DEBUG o.s.orm.jpa.JpaTransactionManager - Committing JPA transaction on EntityManager [SessionImpl(114649760<open>)]
2024-10-04 11:56:03 [http-nio-8080-exec-1] DEBUG o.s.orm.jpa.JpaTransactionManager - Not closing pre-bound JPA EntityManager after transaction
2024-10-04 11:56:23 [http-nio-8080-exec-2] DEBUG o.s.orm.jpa.JpaTransactionManager - Found thread-bound EntityManager [SessionImpl(2022709400<open>)] for JPA transaction
2024-10-04 11:56:24 [http-nio-8080-exec-2] DEBUG o.s.orm.jpa.JpaTransactionManager - Found thread-bound EntityManager [SessionImpl(2022709400<open>)] for JPA transaction
2024-10-04 11:56:24 [http-nio-8080-exec-2] DEBUG o.s.orm.jpa.JpaTransactionManager - Creating new transaction with name [org.springframework.data.jpa.repository.support.SimpleJpaRepository.save]: PROPAGATION_REQUIRED,ISOLATION_DEFAULT
2024-10-04 11:56:24 [http-nio-8080-exec-2] DEBUG o.s.orm.jpa.JpaTransactionManager - Exposing JPA transaction as JDBC [org.springframework.orm.jpa.vendor.HibernateJpaDialect$HibernateConnectionHandle@530bb77a]
2024-10-04 11:56:24 [http-nio-8080-exec-2] DEBUG o.s.orm.jpa.JpaTransactionManager - Initiating transaction commit
2024-10-04 11:56:24 [http-nio-8080-exec-2] DEBUG o.s.orm.jpa.JpaTransactionManager - Committing JPA transaction on EntityManager [SessionImpl(2022709400<open>)]
2024-10-04 11:56:24 [http-nio-8080-exec-2] DEBUG o.s.orm.jpa.JpaTransactionManager - Not closing pre-bound JPA EntityManager after transaction
2024-10-04 11:56:40 [http-nio-8080-exec-3] DEBUG o.s.orm.jpa.JpaTransactionManager - Found thread-bound EntityManager [SessionImpl(645917039<open>)] for JPA transaction
2024-10-04 11:56:40 [http-nio-8080-exec-3] DEBUG o.s.orm.jpa.JpaTransactionManager - Creating new transaction with name [distri.gestion_usuarios.transacciones.UsuarioDirectTransactionsService.requires_newPorEmail]: PROPAGATION_REQUIRES_NEW,ISOLATION_DEFAULT
2024-10-04 11:56:40 [http-nio-8080-exec-3] DEBUG o.s.orm.jpa.JpaTransactionManager - Exposing JPA transaction as JDBC [org.springframework.orm.jpa.vendor.HibernateJpaDialect$HibernateConnectionHandle@72fc4580]
2024-10-04 11:56:40 [http-nio-8080-exec-3] DEBUG o.s.orm.jpa.JpaTransactionManager - Initiating transaction commit
2024-10-04 11:56:40 [http-nio-8080-exec-3] DEBUG o.s.orm.jpa.JpaTransactionManager - Committing JPA transaction on EntityManager [SessionImpl(645917039<open>)]
2024-10-04 11:56:41 [http-nio-8080-exec-3] DEBUG o.s.orm.jpa.JpaTransactionManager - Not closing pre-bound JPA EntityManager after transaction
2024-10-04 11:56:41 [http-nio-8080-exec-3] DEBUG o.s.orm.jpa.JpaTransactionManager - Found thread-bound EntityManager [SessionImpl(645917039<open>)] for JPA transaction
2024-10-04 11:56:41 [http-nio-8080-exec-3] DEBUG o.s.orm.jpa.JpaTransactionManager - Creating new transaction with name [org.springframework.data.jpa.repository.support.SimpleJpaRepository.save]: PROPAGATION_REQUIRED,ISOLATION_DEFAULT
2024-10-04 11:56:41 [http-nio-8080-exec-3] DEBUG o.s.orm.jpa.JpaTransactionManager - Exposing JPA transaction as JDBC [org.springframework.orm.jpa.vendor.HibernateJpaDialect$HibernateConnectionHandle@4a245eea]
2024-10-04 11:56:41 [http-nio-8080-exec-3] DEBUG o.s.orm.jpa.JpaTransactionManager - Initiating transaction commit
2024-10-04 11:56:41 [http-nio-8080-exec-3] DEBUG o.s.orm.jpa.JpaTransactionManager - Committing JPA transaction on EntityManager [SessionImpl(645917039<open>)]
2024-10-04 11:56:41 [http-nio-8080-exec-3] DEBUG o.s.orm.jpa.JpaTransactionManager - Not closing pre-bound JPA EntityManager after transaction
2024-10-04 11:56:54 [http-nio-8080-exec-4] DEBUG o.s.orm.jpa.JpaTransactionManager - Found thread-bound EntityManager [SessionImpl(1843720434<open>)] for JPA transaction
2024-10-04 11:56:54 [http-nio-8080-exec-4] DEBUG o.s.orm.jpa.JpaTransactionManager - Creating new transaction with name [distri.gestion_usuarios.transacciones.UsuarioDirectTransactionsService.requires_newPorEmail]: PROPAGATION_REQUIRES_NEW,ISOLATION_DEFAULT
2024-10-04 11:56:54 [http-nio-8080-exec-4] DEBUG o.s.orm.jpa.JpaTransactionManager - Exposing JPA transaction as JDBC [org.springframework.orm.jpa.vendor.HibernateJpaDialect$HibernateConnectionHandle@428f270e]
2024-10-04 11:56:55 [http-nio-8080-exec-4] DEBUG o.s.orm.jpa.JpaTransactionManager - Initiating transaction commit
2024-10-04 11:56:55 [http-nio-8080-exec-4] DEBUG o.s.orm.jpa.JpaTransactionManager - Committing JPA transaction on EntityManager [SessionImpl(1843720434<open>)]
2024-10-04 11:56:55 [http-nio-8080-exec-4] DEBUG o.s.orm.jpa.JpaTransactionManager - Not closing pre-bound JPA EntityManager after transaction
2024-10-04 11:56:55 [http-nio-8080-exec-4] DEBUG o.s.orm.jpa.JpaTransactionManager - Found thread-bound EntityManager [SessionImpl(1843720434<open>)] for JPA transaction
2024-10-04 11:56:55 [http-nio-8080-exec-4] DEBUG o.s.orm.jpa.JpaTransactionManager - Creating new transaction with name [org.springframework.data.jpa.repository.support.SimpleJpaRepository.save]: PROPAGATION_REQUIRED,ISOLATION_DEFAULT
2024-10-04 11:56:55 [http-nio-8080-exec-4] DEBUG o.s.orm.jpa.JpaTransactionManager - Exposing JPA transaction as JDBC [org.springframework.orm.jpa.vendor.HibernateJpaDialect$HibernateConnectionHandle@6300d901]
2024-10-04 11:56:55 [http-nio-8080-exec-4] DEBUG o.s.orm.jpa.JpaTransactionManager - Initiating transaction commit
2024-10-04 11:56:55 [http-nio-8080-exec-4] DEBUG o.s.orm.jpa.JpaTransactionManager - Committing JPA transaction on EntityManager [SessionImpl(1843720434<open>)]
2024-10-04 11:56:55 [http-nio-8080-exec-4] DEBUG o.s.orm.jpa.JpaTransactionManager - Not closing pre-bound JPA EntityManager after transaction
2024-10-04 11:57:09 [http-nio-8080-exec-5] DEBUG o.s.orm.jpa.JpaTransactionManager - Found thread-bound EntityManager [SessionImpl(1367366129<open>)] for JPA transaction
2024-10-04 11:57:10 [http-nio-8080-exec-5] DEBUG o.s.orm.jpa.JpaTransactionManager - Found thread-bound EntityManager [SessionImpl(1367366129<open>)] for JPA transaction
2024-10-04 11:57:10 [http-nio-8080-exec-5] DEBUG o.s.orm.jpa.JpaTransactionManager - Creating new transaction with name [org.springframework.data.jpa.repository.support.SimpleJpaRepository.save]: PROPAGATION_REQUIRED,ISOLATION_DEFAULT
2024-10-04 11:57:10 [http-nio-8080-exec-5] DEBUG o.s.orm.jpa.JpaTransactionManager - Exposing JPA transaction as JDBC [org.springframework.orm.jpa.vendor.HibernateJpaDialect$HibernateConnectionHandle@3c95e99b]
2024-10-04 11:57:10 [http-nio-8080-exec-5] DEBUG o.s.orm.jpa.JpaTransactionManager - Initiating transaction commit
2024-10-04 11:57:10 [http-nio-8080-exec-5] DEBUG o.s.orm.jpa.JpaTransactionManager - Committing JPA transaction on EntityManager [SessionImpl(1367366129<open>)]
2024-10-04 11:57:10 [http-nio-8080-exec-5] DEBUG o.s.orm.jpa.JpaTransactionManager - Not closing pre-bound JPA EntityManager after transaction
2024-10-04 11:57:15 [http-nio-8080-exec-6] DEBUG o.s.orm.jpa.JpaTransactionManager - Found thread-bound EntityManager [SessionImpl(1717221603<open>)] for JPA transaction
2024-10-04 11:57:16 [http-nio-8080-exec-6] DEBUG o.s.orm.jpa.JpaTransactionManager - Found thread-bound EntityManager [SessionImpl(1717221603<open>)] for JPA transaction
2024-10-04 11:57:16 [http-nio-8080-exec-6] DEBUG o.s.orm.jpa.JpaTransactionManager - Creating new transaction with name [org.springframework.data.jpa.repository.support.SimpleJpaRepository.save]: PROPAGATION_REQUIRED,ISOLATION_DEFAULT
2024-10-04 11:57:16 [http-nio-8080-exec-6] DEBUG o.s.orm.jpa.JpaTransactionManager - Exposing JPA transaction as JDBC [org.springframework.orm.jpa.vendor.HibernateJpaDialect$HibernateConnectionHandle@2e8b2fb8]
2024-10-04 11:57:16 [http-nio-8080-exec-6] DEBUG o.s.orm.jpa.JpaTransactionManager - Initiating transaction commit
2024-10-04 11:57:16 [http-nio-8080-exec-6] DEBUG o.s.orm.jpa.JpaTransactionManager - Committing JPA transaction on EntityManager [SessionImpl(1717221603<open>)]
2024-10-04 11:57:16 [http-nio-8080-exec-6] DEBUG o.s.orm.jpa.JpaTransactionManager - Not closing pre-bound JPA EntityManager after transaction
2024-10-04 11:57:19 [http-nio-8080-exec-7] DEBUG o.s.orm.jpa.JpaTransactionManager - Found thread-bound EntityManager [SessionImpl(1052061131<open>)] for JPA transaction
2024-10-04 11:57:51 [http-nio-8080-exec-1] DEBUG o.s.orm.jpa.JpaTransactionManager - Found thread-bound EntityManager [SessionImpl(322616715<open>)] for JPA transaction
2024-10-04 11:57:51 [http-nio-8080-exec-1] DEBUG o.s.orm.jpa.JpaTransactionManager - Creating new transaction with name [distri.gestion_usuarios.transacciones.UsuarioIndirectTransactionsService.cambiarMail_REQUIRED]: PROPAGATION_REQUIRED,ISOLATION_DEFAULT,-java.lang.Exception
2024-10-04 11:57:51 [http-nio-8080-exec-1] DEBUG o.s.orm.jpa.JpaTransactionManager - Exposing JPA transaction as JDBC [org.springframework.orm.jpa.vendor.HibernateJpaDialect$HibernateConnectionHandle@779a483b]
2024-10-04 11:57:51 [http-nio-8080-exec-1] DEBUG o.s.orm.jpa.JpaTransactionManager - Found thread-bound EntityManager [SessionImpl(322616715<open>)] for JPA transaction
2024-10-04 11:57:51 [http-nio-8080-exec-1] DEBUG o.s.orm.jpa.JpaTransactionManager - Participating in existing transaction
2024-10-04 11:57:51 [http-nio-8080-exec-1] DEBUG o.s.orm.jpa.JpaTransactionManager - Found thread-bound EntityManager [SessionImpl(322616715<open>)] for JPA transaction
2024-10-04 11:57:51 [http-nio-8080-exec-1] DEBUG o.s.orm.jpa.JpaTransactionManager - Participating in existing transaction
2024-10-04 11:57:51 [http-nio-8080-exec-1] DEBUG o.s.orm.jpa.JpaTransactionManager - Initiating transaction commit
2024-10-04 11:57:51 [http-nio-8080-exec-1] DEBUG o.s.orm.jpa.JpaTransactionManager - Committing JPA transaction on EntityManager [SessionImpl(322616715<open>)]
2024-10-04 11:57:51 [http-nio-8080-exec-1] DEBUG o.s.orm.jpa.JpaTransactionManager - Not closing pre-bound JPA EntityManager after transaction
2024-10-04 11:58:14 [http-nio-8080-exec-2] DEBUG o.s.orm.jpa.JpaTransactionManager - Found thread-bound EntityManager [SessionImpl(213107511<open>)] for JPA transaction
2024-10-04 11:58:14 [http-nio-8080-exec-2] DEBUG o.s.orm.jpa.JpaTransactionManager - Creating new transaction with name [distri.gestion_usuarios.transacciones.UsuarioIndirectTransactionsService.cambiarMail_NEVER]: PROPAGATION_REQUIRED,ISOLATION_DEFAULT,-java.lang.Exception
2024-10-04 11:58:15 [http-nio-8080-exec-2] DEBUG o.s.orm.jpa.JpaTransactionManager - Exposing JPA transaction as JDBC [org.springframework.orm.jpa.vendor.HibernateJpaDialect$HibernateConnectionHandle@2743cd1]
2024-10-04 11:58:15 [http-nio-8080-exec-2] DEBUG o.s.orm.jpa.JpaTransactionManager - Found thread-bound EntityManager [SessionImpl(213107511<open>)] for JPA transaction
2024-10-04 11:58:15 [http-nio-8080-exec-2] DEBUG o.s.orm.jpa.JpaTransactionManager - Initiating transaction rollback
2024-10-04 11:58:15 [http-nio-8080-exec-2] DEBUG o.s.orm.jpa.JpaTransactionManager - Rolling back JPA transaction on EntityManager [SessionImpl(213107511<open>)]
2024-10-04 11:58:15 [http-nio-8080-exec-2] DEBUG o.s.orm.jpa.JpaTransactionManager - Not closing pre-bound JPA EntityManager after transaction
2024-10-04 11:58:19 [http-nio-8080-exec-3] DEBUG o.s.orm.jpa.JpaTransactionManager - Found thread-bound EntityManager [SessionImpl(1288877171<open>)] for JPA transaction
2024-10-04 11:58:19 [http-nio-8080-exec-3] DEBUG o.s.orm.jpa.JpaTransactionManager - Creating new transaction with name [distri.gestion_usuarios.transacciones.UsuarioIndirectTransactionsService.cambiarMail_REQUIRES_NEW]: PROPAGATION_REQUIRED,ISOLATION_DEFAULT,-java.lang.Exception
2024-10-04 11:58:19 [http-nio-8080-exec-3] DEBUG o.s.orm.jpa.JpaTransactionManager - Exposing JPA transaction as JDBC [org.springframework.orm.jpa.vendor.HibernateJpaDialect$HibernateConnectionHandle@42155399]
2024-10-04 11:58:19 [http-nio-8080-exec-3] DEBUG o.s.orm.jpa.JpaTransactionManager - Found thread-bound EntityManager [SessionImpl(1288877171<open>)] for JPA transaction
2024-10-04 11:58:19 [http-nio-8080-exec-3] DEBUG o.s.orm.jpa.JpaTransactionManager - Suspending current transaction, creating new transaction with name [distri.gestion_usuarios.transacciones.UsuarioDirectTransactionsService.requires_newPorEmail]
2024-10-04 11:58:19 [http-nio-8080-exec-3] DEBUG o.s.orm.jpa.JpaTransactionManager - Opened new EntityManager [SessionImpl(581115474<open>)] for JPA transaction
2024-10-04 11:58:19 [http-nio-8080-exec-3] DEBUG o.s.orm.jpa.JpaTransactionManager - Exposing JPA transaction as JDBC [org.springframework.orm.jpa.vendor.HibernateJpaDialect$HibernateConnectionHandle@6307a6ed]
2024-10-04 11:58:19 [http-nio-8080-exec-3] DEBUG o.s.orm.jpa.JpaTransactionManager - Initiating transaction commit
2024-10-04 11:58:19 [http-nio-8080-exec-3] DEBUG o.s.orm.jpa.JpaTransactionManager - Committing JPA transaction on EntityManager [SessionImpl(581115474<open>)]
2024-10-04 11:58:20 [http-nio-8080-exec-3] DEBUG o.s.orm.jpa.JpaTransactionManager - Closing JPA EntityManager [SessionImpl(581115474<open>)] after transaction
2024-10-04 11:58:20 [http-nio-8080-exec-3] DEBUG o.s.orm.jpa.JpaTransactionManager - Resuming suspended transaction after completion of inner transaction
2024-10-04 11:58:20 [http-nio-8080-exec-3] DEBUG o.s.orm.jpa.JpaTransactionManager - Found thread-bound EntityManager [SessionImpl(1288877171<open>)] for JPA transaction
2024-10-04 11:58:20 [http-nio-8080-exec-3] DEBUG o.s.orm.jpa.JpaTransactionManager - Participating in existing transaction
2024-10-04 11:58:20 [http-nio-8080-exec-3] DEBUG o.s.orm.jpa.JpaTransactionManager - Initiating transaction commit
2024-10-04 11:58:20 [http-nio-8080-exec-3] DEBUG o.s.orm.jpa.JpaTransactionManager - Committing JPA transaction on EntityManager [SessionImpl(1288877171<open>)]
2024-10-04 11:58:20 [http-nio-8080-exec-3] DEBUG o.s.orm.jpa.JpaTransactionManager - Not closing pre-bound JPA EntityManager after transaction
2024-10-04 11:59:07 [http-nio-8080-exec-4] DEBUG o.s.orm.jpa.JpaTransactionManager - Found thread-bound EntityManager [SessionImpl(347224242<open>)] for JPA transaction
2024-10-04 11:59:07 [http-nio-8080-exec-4] DEBUG o.s.orm.jpa.JpaTransactionManager - Creating new transaction with name [distri.gestion_usuarios.transacciones.UsuarioIndirectTransactionsService.cambiarMail_SUPPORTS]: PROPAGATION_REQUIRED,ISOLATION_DEFAULT,-java.lang.Exception
2024-10-04 11:59:07 [http-nio-8080-exec-4] DEBUG o.s.orm.jpa.JpaTransactionManager - Exposing JPA transaction as JDBC [org.springframework.orm.jpa.vendor.HibernateJpaDialect$HibernateConnectionHandle@1a75c454]
2024-10-04 11:59:07 [http-nio-8080-exec-4] DEBUG o.s.orm.jpa.JpaTransactionManager - Found thread-bound EntityManager [SessionImpl(347224242<open>)] for JPA transaction
2024-10-04 11:59:07 [http-nio-8080-exec-4] DEBUG o.s.orm.jpa.JpaTransactionManager - Participating in existing transaction
2024-10-04 11:59:07 [http-nio-8080-exec-4] DEBUG o.s.orm.jpa.JpaTransactionManager - Found thread-bound EntityManager [SessionImpl(347224242<open>)] for JPA transaction
2024-10-04 11:59:07 [http-nio-8080-exec-4] DEBUG o.s.orm.jpa.JpaTransactionManager - Participating in existing transaction
2024-10-04 11:59:07 [http-nio-8080-exec-4] DEBUG o.s.orm.jpa.JpaTransactionManager - Initiating transaction commit
2024-10-04 11:59:07 [http-nio-8080-exec-4] DEBUG o.s.orm.jpa.JpaTransactionManager - Committing JPA transaction on EntityManager [SessionImpl(347224242<open>)]
2024-10-04 11:59:08 [http-nio-8080-exec-4] DEBUG o.s.orm.jpa.JpaTransactionManager - Not closing pre-bound JPA EntityManager after transaction
2024-10-04 11:59:12 [http-nio-8080-exec-5] DEBUG o.s.orm.jpa.JpaTransactionManager - Found thread-bound EntityManager [SessionImpl(28520801<open>)] for JPA transaction
2024-10-04 11:59:12 [http-nio-8080-exec-5] DEBUG o.s.orm.jpa.JpaTransactionManager - Creating new transaction with name [distri.gestion_usuarios.transacciones.UsuarioIndirectTransactionsService.cambiarMail_NOT_SUPPORTED]: PROPAGATION_REQUIRED,ISOLATION_DEFAULT,-java.lang.Exception
2024-10-04 11:59:13 [http-nio-8080-exec-5] DEBUG o.s.orm.jpa.JpaTransactionManager - Exposing JPA transaction as JDBC [org.springframework.orm.jpa.vendor.HibernateJpaDialect$HibernateConnectionHandle@f74df27]
2024-10-04 11:59:13 [http-nio-8080-exec-5] DEBUG o.s.orm.jpa.JpaTransactionManager - Found thread-bound EntityManager [SessionImpl(28520801<open>)] for JPA transaction
2024-10-04 11:59:13 [http-nio-8080-exec-5] DEBUG o.s.orm.jpa.JpaTransactionManager - Suspending current transaction
2024-10-04 11:59:13 [http-nio-8080-exec-5] DEBUG o.s.orm.jpa.JpaTransactionManager - Resuming suspended transaction after completion of inner transaction
2024-10-04 11:59:13 [http-nio-8080-exec-5] DEBUG o.s.orm.jpa.JpaTransactionManager - Found thread-bound EntityManager [SessionImpl(28520801<open>)] for JPA transaction
2024-10-04 11:59:13 [http-nio-8080-exec-5] DEBUG o.s.orm.jpa.JpaTransactionManager - Participating in existing transaction
2024-10-04 11:59:13 [http-nio-8080-exec-5] DEBUG o.s.orm.jpa.JpaTransactionManager - Initiating transaction commit
2024-10-04 11:59:13 [http-nio-8080-exec-5] DEBUG o.s.orm.jpa.JpaTransactionManager - Committing JPA transaction on EntityManager [SessionImpl(28520801<open>)]
2024-10-04 11:59:13 [http-nio-8080-exec-5] DEBUG o.s.orm.jpa.JpaTransactionManager - Not closing pre-bound JPA EntityManager after transaction
2024-10-04 11:59:22 [http-nio-8080-exec-6] DEBUG o.s.orm.jpa.JpaTransactionManager - Found thread-bound EntityManager [SessionImpl(315979026<open>)] for JPA transaction
2024-10-04 11:59:22 [http-nio-8080-exec-6] DEBUG o.s.orm.jpa.JpaTransactionManager - Creating new transaction with name [distri.gestion_usuarios.transacciones.UsuarioIndirectTransactionsService.cambiarMail_MANDATORY]: PROPAGATION_REQUIRED,ISOLATION_DEFAULT,-java.lang.Exception
2024-10-04 11:59:22 [http-nio-8080-exec-6] DEBUG o.s.orm.jpa.JpaTransactionManager - Exposing JPA transaction as JDBC [org.springframework.orm.jpa.vendor.HibernateJpaDialect$HibernateConnectionHandle@1c128938]
2024-10-04 11:59:22 [http-nio-8080-exec-6] DEBUG o.s.orm.jpa.JpaTransactionManager - Found thread-bound EntityManager [SessionImpl(315979026<open>)] for JPA transaction
2024-10-04 11:59:22 [http-nio-8080-exec-6] DEBUG o.s.orm.jpa.JpaTransactionManager - Participating in existing transaction
2024-10-04 11:59:22 [http-nio-8080-exec-6] DEBUG o.s.orm.jpa.JpaTransactionManager - Found thread-bound EntityManager [SessionImpl(315979026<open>)] for JPA transaction
2024-10-04 11:59:22 [http-nio-8080-exec-6] DEBUG o.s.orm.jpa.JpaTransactionManager - Participating in existing transaction
2024-10-04 11:59:22 [http-nio-8080-exec-6] DEBUG o.s.orm.jpa.JpaTransactionManager - Found thread-bound EntityManager [SessionImpl(315979026<open>)] for JPA transaction
2024-10-04 11:59:22 [http-nio-8080-exec-6] DEBUG o.s.orm.jpa.JpaTransactionManager - Participating in existing transaction
2024-10-04 11:59:22 [http-nio-8080-exec-6] DEBUG o.s.orm.jpa.JpaTransactionManager - Initiating transaction commit
2024-10-04 11:59:22 [http-nio-8080-exec-6] DEBUG o.s.orm.jpa.JpaTransactionManager - Committing JPA transaction on EntityManager [SessionImpl(315979026<open>)]
2024-10-04 11:59:23 [http-nio-8080-exec-6] DEBUG o.s.orm.jpa.JpaTransactionManager - Not closing pre-bound JPA EntityManager after transaction
2024-10-04 12:00:42 [http-nio-8080-exec-1] DEBUG o.s.orm.jpa.JpaTransactionManager - Found thread-bound EntityManager [SessionImpl(322616715<open>)] for JPA transaction
2024-10-04 12:00:42 [http-nio-8080-exec-1] DEBUG o.s.orm.jpa.JpaTransactionManager - Creating new transaction with name [distri.gestion_usuarios.transacciones.UsuarioIndirectTransactionsService.cambiarMail_REQUIRED]: PROPAGATION_REQUIRED,ISOLATION_DEFAULT,-java.lang.Exception
2024-10-04 12:00:42 [http-nio-8080-exec-1] DEBUG o.s.orm.jpa.JpaTransactionManager - Exposing JPA transaction as JDBC [org.springframework.orm.jpa.vendor.HibernateJpaDialect$HibernateConnectionHandle@779a483b]
2024-10-04 12:00:42 [http-nio-8080-exec-1] DEBUG o.s.orm.jpa.JpaTransactionManager - Found thread-bound EntityManager [SessionImpl(322616715<open>)] for JPA transaction
2024-10-04 12:00:42 [http-nio-8080-exec-1] DEBUG o.s.orm.jpa.JpaTransactionManager - Participating in existing transaction
2024-10-04 12:00:42 [http-nio-8080-exec-1] DEBUG o.s.orm.jpa.JpaTransactionManager - Initiating transaction rollback
2024-10-04 12:00:42 [http-nio-8080-exec-1] DEBUG o.s.orm.jpa.JpaTransactionManager - Rolling back JPA transaction on EntityManager [SessionImpl(322616715<open>)]
2024-10-04 12:00:42 [http-nio-8080-exec-1] DEBUG o.s.orm.jpa.JpaTransactionManager - Not closing pre-bound JPA EntityManager after transaction
2024-10-04 12:01:01 [http-nio-8080-exec-2] DEBUG o.s.orm.jpa.JpaTransactionManager - Found thread-bound EntityManager [SessionImpl(213107511<open>)] for JPA transaction
2024-10-04 12:01:01 [http-nio-8080-exec-2] DEBUG o.s.orm.jpa.JpaTransactionManager - Creating new transaction with name [distri.gestion_usuarios.transacciones.UsuarioIndirectTransactionsService.cambiarMail_NEVER]: PROPAGATION_REQUIRED,ISOLATION_DEFAULT,-java.lang.Exception
2024-10-04 12:01:01 [http-nio-8080-exec-2] DEBUG o.s.orm.jpa.JpaTransactionManager - Exposing JPA transaction as JDBC [org.springframework.orm.jpa.vendor.HibernateJpaDialect$HibernateConnectionHandle@2743cd1]
2024-10-04 12:01:01 [http-nio-8080-exec-2] DEBUG o.s.orm.jpa.JpaTransactionManager - Found thread-bound EntityManager [SessionImpl(213107511<open>)] for JPA transaction
2024-10-04 12:01:01 [http-nio-8080-exec-2] DEBUG o.s.orm.jpa.JpaTransactionManager - Initiating transaction rollback
2024-10-04 12:01:01 [http-nio-8080-exec-2] DEBUG o.s.orm.jpa.JpaTransactionManager - Rolling back JPA transaction on EntityManager [SessionImpl(213107511<open>)]
2024-10-04 12:01:01 [http-nio-8080-exec-2] DEBUG o.s.orm.jpa.JpaTransactionManager - Not closing pre-bound JPA EntityManager after transaction
2024-10-04 12:01:11 [http-nio-8080-exec-3] DEBUG o.s.orm.jpa.JpaTransactionManager - Found thread-bound EntityManager [SessionImpl(1288877171<open>)] for JPA transaction
2024-10-04 12:01:11 [http-nio-8080-exec-3] DEBUG o.s.orm.jpa.JpaTransactionManager - Creating new transaction with name [distri.gestion_usuarios.transacciones.UsuarioIndirectTransactionsService.cambiarMail_REQUIRES_NEW]: PROPAGATION_REQUIRED,ISOLATION_DEFAULT,-java.lang.Exception
2024-10-04 12:01:11 [http-nio-8080-exec-3] DEBUG o.s.orm.jpa.JpaTransactionManager - Exposing JPA transaction as JDBC [org.springframework.orm.jpa.vendor.HibernateJpaDialect$HibernateConnectionHandle@42155399]
2024-10-04 12:01:11 [http-nio-8080-exec-3] DEBUG o.s.orm.jpa.JpaTransactionManager - Found thread-bound EntityManager [SessionImpl(1288877171<open>)] for JPA transaction
2024-10-04 12:01:11 [http-nio-8080-exec-3] DEBUG o.s.orm.jpa.JpaTransactionManager - Suspending current transaction, creating new transaction with name [distri.gestion_usuarios.transacciones.UsuarioDirectTransactionsService.requires_newPorEmail]
2024-10-04 12:01:11 [http-nio-8080-exec-3] DEBUG o.s.orm.jpa.JpaTransactionManager - Opened new EntityManager [SessionImpl(581115474<open>)] for JPA transaction
2024-10-04 12:01:11 [http-nio-8080-exec-3] DEBUG o.s.orm.jpa.JpaTransactionManager - Exposing JPA transaction as JDBC [org.springframework.orm.jpa.vendor.HibernateJpaDialect$HibernateConnectionHandle@6307a6ed]
2024-10-04 12:01:11 [http-nio-8080-exec-3] DEBUG o.s.orm.jpa.JpaTransactionManager - Initiating transaction commit
2024-10-04 12:01:11 [http-nio-8080-exec-3] DEBUG o.s.orm.jpa.JpaTransactionManager - Committing JPA transaction on EntityManager [SessionImpl(581115474<open>)]
2024-10-04 12:01:11 [http-nio-8080-exec-3] DEBUG o.s.orm.jpa.JpaTransactionManager - Closing JPA EntityManager [SessionImpl(581115474<open>)] after transaction
2024-10-04 12:01:11 [http-nio-8080-exec-3] DEBUG o.s.orm.jpa.JpaTransactionManager - Resuming suspended transaction after completion of inner transaction
2024-10-04 12:01:11 [http-nio-8080-exec-3] DEBUG o.s.orm.jpa.JpaTransactionManager - Initiating transaction rollback
2024-10-04 12:01:11 [http-nio-8080-exec-3] DEBUG o.s.orm.jpa.JpaTransactionManager - Rolling back JPA transaction on EntityManager [SessionImpl(1288877171<open>)]
2024-10-04 12:01:11 [http-nio-8080-exec-3] DEBUG o.s.orm.jpa.JpaTransactionManager - Not closing pre-bound JPA EntityManager after transaction
2024-10-04 12:01:30 [http-nio-8080-exec-4] DEBUG o.s.orm.jpa.JpaTransactionManager - Found thread-bound EntityManager [SessionImpl(347224242<open>)] for JPA transaction
2024-10-04 12:01:30 [http-nio-8080-exec-4] DEBUG o.s.orm.jpa.JpaTransactionManager - Creating new transaction with name [distri.gestion_usuarios.transacciones.UsuarioIndirectTransactionsService.cambiarMail_SUPPORTS]: PROPAGATION_REQUIRED,ISOLATION_DEFAULT,-java.lang.Exception
2024-10-04 12:01:30 [http-nio-8080-exec-4] DEBUG o.s.orm.jpa.JpaTransactionManager - Exposing JPA transaction as JDBC [org.springframework.orm.jpa.vendor.HibernateJpaDialect$HibernateConnectionHandle@1a75c454]
2024-10-04 12:01:30 [http-nio-8080-exec-4] DEBUG o.s.orm.jpa.JpaTransactionManager - Found thread-bound EntityManager [SessionImpl(347224242<open>)] for JPA transaction
2024-10-04 12:01:30 [http-nio-8080-exec-4] DEBUG o.s.orm.jpa.JpaTransactionManager - Participating in existing transaction
2024-10-04 12:01:30 [http-nio-8080-exec-4] DEBUG o.s.orm.jpa.JpaTransactionManager - Initiating transaction rollback
2024-10-04 12:01:30 [http-nio-8080-exec-4] DEBUG o.s.orm.jpa.JpaTransactionManager - Rolling back JPA transaction on EntityManager [SessionImpl(347224242<open>)]
2024-10-04 12:01:30 [http-nio-8080-exec-4] DEBUG o.s.orm.jpa.JpaTransactionManager - Not closing pre-bound JPA EntityManager after transaction
2024-10-04 12:01:37 [http-nio-8080-exec-5] DEBUG o.s.orm.jpa.JpaTransactionManager - Found thread-bound EntityManager [SessionImpl(28520801<open>)] for JPA transaction
2024-10-04 12:01:37 [http-nio-8080-exec-5] DEBUG o.s.orm.jpa.JpaTransactionManager - Creating new transaction with name [distri.gestion_usuarios.transacciones.UsuarioIndirectTransactionsService.cambiarMail_NOT_SUPPORTED]: PROPAGATION_REQUIRED,ISOLATION_DEFAULT,-java.lang.Exception
2024-10-04 12:01:38 [http-nio-8080-exec-5] DEBUG o.s.orm.jpa.JpaTransactionManager - Exposing JPA transaction as JDBC [org.springframework.orm.jpa.vendor.HibernateJpaDialect$HibernateConnectionHandle@f74df27]
2024-10-04 12:01:38 [http-nio-8080-exec-5] DEBUG o.s.orm.jpa.JpaTransactionManager - Found thread-bound EntityManager [SessionImpl(28520801<open>)] for JPA transaction
2024-10-04 12:01:38 [http-nio-8080-exec-5] DEBUG o.s.orm.jpa.JpaTransactionManager - Suspending current transaction
2024-10-04 12:01:38 [http-nio-8080-exec-5] DEBUG o.s.orm.jpa.JpaTransactionManager - Resuming suspended transaction after completion of inner transaction
2024-10-04 12:01:38 [http-nio-8080-exec-5] DEBUG o.s.orm.jpa.JpaTransactionManager - Initiating transaction rollback
2024-10-04 12:01:38 [http-nio-8080-exec-5] DEBUG o.s.orm.jpa.JpaTransactionManager - Rolling back JPA transaction on EntityManager [SessionImpl(28520801<open>)]
2024-10-04 12:01:38 [http-nio-8080-exec-5] DEBUG o.s.orm.jpa.JpaTransactionManager - Not closing pre-bound JPA EntityManager after transaction
2024-10-04 12:01:47 [http-nio-8080-exec-6] DEBUG o.s.orm.jpa.JpaTransactionManager - Found thread-bound EntityManager [SessionImpl(315979026<open>)] for JPA transaction
2024-10-04 12:01:47 [http-nio-8080-exec-6] DEBUG o.s.orm.jpa.JpaTransactionManager - Creating new transaction with name [distri.gestion_usuarios.transacciones.UsuarioIndirectTransactionsService.cambiarMail_MANDATORY]: PROPAGATION_REQUIRED,ISOLATION_DEFAULT,-java.lang.Exception
2024-10-04 12:01:47 [http-nio-8080-exec-6] DEBUG o.s.orm.jpa.JpaTransactionManager - Exposing JPA transaction as JDBC [org.springframework.orm.jpa.vendor.HibernateJpaDialect$HibernateConnectionHandle@1c128938]
2024-10-04 12:01:47 [http-nio-8080-exec-6] DEBUG o.s.orm.jpa.JpaTransactionManager - Found thread-bound EntityManager [SessionImpl(315979026<open>)] for JPA transaction
2024-10-04 12:01:47 [http-nio-8080-exec-6] DEBUG o.s.orm.jpa.JpaTransactionManager - Participating in existing transaction
2024-10-04 12:01:47 [http-nio-8080-exec-6] DEBUG o.s.orm.jpa.JpaTransactionManager - Initiating transaction rollback
2024-10-04 12:01:47 [http-nio-8080-exec-6] DEBUG o.s.orm.jpa.JpaTransactionManager - Rolling back JPA transaction on EntityManager [SessionImpl(315979026<open>)]
2024-10-04 12:01:47 [http-nio-8080-exec-6] DEBUG o.s.orm.jpa.JpaTransactionManager - Not closing pre-bound JPA EntityManager after transaction
