2024-10-07 21:01:34 [http-nio-8081-exec-1] DEBUG o.s.orm.jpa.JpaTransactionManager - Found thread-bound EntityManager [SessionImpl(447184402<open>)] for JPA transaction
2024-10-07 21:01:59 [http-nio-8081-exec-2] DEBUG o.s.orm.jpa.JpaTransactionManager - Found thread-bound EntityManager [SessionImpl(1135507785<open>)] for JPA transaction
2024-10-07 21:01:59 [http-nio-8081-exec-2] DEBUG o.s.orm.jpa.JpaTransactionManager - Creating new transaction with name [distri.gestion_usuarios.service.UsuarioService.obtenerUsuarioPorId]: PROPAGATION_REQUIRED,ISOLATION_DEFAULT,timeout_5,-java.lang.Exception
2024-10-07 21:01:59 [http-nio-8081-exec-2] DEBUG o.s.orm.jpa.JpaTransactionManager - Exposing JPA transaction as JDBC [org.springframework.orm.jpa.vendor.HibernateJpaDialect$HibernateConnectionHandle@190c794c]
2024-10-07 21:01:59 [http-nio-8081-exec-2] DEBUG o.s.orm.jpa.JpaTransactionManager - Initiating transaction commit
2024-10-07 21:01:59 [http-nio-8081-exec-2] DEBUG o.s.orm.jpa.JpaTransactionManager - Committing JPA transaction on EntityManager [SessionImpl(1135507785<open>)]
2024-10-07 21:02:00 [http-nio-8081-exec-2] DEBUG o.s.orm.jpa.JpaTransactionManager - Not closing pre-bound JPA EntityManager after transaction
2024-10-07 21:11:12 [http-nio-8081-exec-4] DEBUG o.s.orm.jpa.JpaTransactionManager - Found thread-bound EntityManager [SessionImpl(2035307866<open>)] for JPA transaction
2024-10-07 21:11:12 [http-nio-8081-exec-4] DEBUG o.s.orm.jpa.JpaTransactionManager - Creating new transaction with name [distri.gestion_usuarios.service.UsuarioService.obtenerUsuarioPorId]: PROPAGATION_REQUIRED,ISOLATION_DEFAULT,timeout_5,-java.lang.Exception
2024-10-07 21:11:12 [http-nio-8081-exec-4] DEBUG o.s.orm.jpa.JpaTransactionManager - Exposing JPA transaction as JDBC [org.springframework.orm.jpa.vendor.HibernateJpaDialect$HibernateConnectionHandle@7797b400]
2024-10-07 21:11:12 [http-nio-8081-exec-4] DEBUG o.s.orm.jpa.JpaTransactionManager - Initiating transaction commit
2024-10-07 21:11:12 [http-nio-8081-exec-4] DEBUG o.s.orm.jpa.JpaTransactionManager - Committing JPA transaction on EntityManager [SessionImpl(2035307866<open>)]
2024-10-07 21:11:13 [http-nio-8081-exec-4] DEBUG o.s.orm.jpa.JpaTransactionManager - Not closing pre-bound JPA EntityManager after transaction
2024-10-07 21:11:44 [http-nio-8081-exec-6] DEBUG o.s.orm.jpa.JpaTransactionManager - Found thread-bound EntityManager [SessionImpl(600682817<open>)] for JPA transaction
2024-10-07 21:11:44 [http-nio-8081-exec-6] DEBUG o.s.orm.jpa.JpaTransactionManager - Creating new transaction with name [distri.gestion_usuarios.service.UsuarioService.obtenerUsuarioPorId]: PROPAGATION_REQUIRED,ISOLATION_DEFAULT,timeout_5,-java.lang.Exception
2024-10-07 21:11:44 [http-nio-8081-exec-6] DEBUG o.s.orm.jpa.JpaTransactionManager - Exposing JPA transaction as JDBC [org.springframework.orm.jpa.vendor.HibernateJpaDialect$HibernateConnectionHandle@2d0a4b48]
2024-10-07 21:11:45 [http-nio-8081-exec-6] DEBUG o.s.orm.jpa.JpaTransactionManager - Initiating transaction commit
2024-10-07 21:11:45 [http-nio-8081-exec-6] DEBUG o.s.orm.jpa.JpaTransactionManager - Committing JPA transaction on EntityManager [SessionImpl(600682817<open>)]
2024-10-07 21:11:45 [http-nio-8081-exec-6] DEBUG o.s.orm.jpa.JpaTransactionManager - Not closing pre-bound JPA EntityManager after transaction
2024-10-07 21:13:04 [http-nio-8081-exec-9] DEBUG o.s.orm.jpa.JpaTransactionManager - Found thread-bound EntityManager [SessionImpl(1787270972<open>)] for JPA transaction
2024-10-07 21:13:04 [http-nio-8081-exec-9] DEBUG o.s.orm.jpa.JpaTransactionManager - Creating new transaction with name [distri.gestion_usuarios.service.UsuarioService.obtenerUsuarioPorId]: PROPAGATION_REQUIRED,ISOLATION_DEFAULT,timeout_5,-java.lang.Exception
2024-10-07 21:13:04 [http-nio-8081-exec-9] DEBUG o.s.orm.jpa.JpaTransactionManager - Exposing JPA transaction as JDBC [org.springframework.orm.jpa.vendor.HibernateJpaDialect$HibernateConnectionHandle@6440641c]
2024-10-07 21:13:04 [http-nio-8081-exec-9] DEBUG o.s.orm.jpa.JpaTransactionManager - Initiating transaction commit
2024-10-07 21:13:04 [http-nio-8081-exec-9] DEBUG o.s.orm.jpa.JpaTransactionManager - Committing JPA transaction on EntityManager [SessionImpl(1787270972<open>)]
2024-10-07 21:13:04 [http-nio-8081-exec-9] DEBUG o.s.orm.jpa.JpaTransactionManager - Not closing pre-bound JPA EntityManager after transaction
2024-10-07 21:14:55 [http-nio-8081-exec-1] DEBUG o.s.orm.jpa.JpaTransactionManager - Found thread-bound EntityManager [SessionImpl(75784712<open>)] for JPA transaction
2024-10-07 21:14:55 [http-nio-8081-exec-1] DEBUG o.s.orm.jpa.JpaTransactionManager - Creating new transaction with name [distri.gestion_usuarios.service.UsuarioService.obtenerUsuarioPorId]: PROPAGATION_REQUIRED,ISOLATION_DEFAULT,timeout_5,-java.lang.Exception
2024-10-07 21:14:56 [http-nio-8081-exec-1] DEBUG o.s.orm.jpa.JpaTransactionManager - Exposing JPA transaction as JDBC [org.springframework.orm.jpa.vendor.HibernateJpaDialect$HibernateConnectionHandle@667053b9]
2024-10-07 21:14:56 [http-nio-8081-exec-1] DEBUG o.s.orm.jpa.JpaTransactionManager - Initiating transaction commit
2024-10-07 21:14:56 [http-nio-8081-exec-1] DEBUG o.s.orm.jpa.JpaTransactionManager - Committing JPA transaction on EntityManager [SessionImpl(75784712<open>)]
2024-10-07 21:14:56 [http-nio-8081-exec-1] DEBUG o.s.orm.jpa.JpaTransactionManager - Not closing pre-bound JPA EntityManager after transaction
2024-10-07 21:15:34 [http-nio-8081-exec-4] DEBUG o.s.orm.jpa.JpaTransactionManager - Found thread-bound EntityManager [SessionImpl(1606090567<open>)] for JPA transaction
2024-10-07 21:15:34 [http-nio-8081-exec-4] DEBUG o.s.orm.jpa.JpaTransactionManager - Creating new transaction with name [distri.gestion_usuarios.service.UsuarioService.obtenerUsuarioPorId]: PROPAGATION_REQUIRED,ISOLATION_DEFAULT,timeout_5,-java.lang.Exception
2024-10-07 21:15:34 [http-nio-8081-exec-4] DEBUG o.s.orm.jpa.JpaTransactionManager - Exposing JPA transaction as JDBC [org.springframework.orm.jpa.vendor.HibernateJpaDialect$HibernateConnectionHandle@cddfd98]
2024-10-07 21:15:34 [http-nio-8081-exec-4] DEBUG o.s.orm.jpa.JpaTransactionManager - Initiating transaction commit
2024-10-07 21:15:34 [http-nio-8081-exec-4] DEBUG o.s.orm.jpa.JpaTransactionManager - Committing JPA transaction on EntityManager [SessionImpl(1606090567<open>)]
2024-10-07 21:15:35 [http-nio-8081-exec-4] DEBUG o.s.orm.jpa.JpaTransactionManager - Not closing pre-bound JPA EntityManager after transaction
2024-10-07 21:17:04 [http-nio-8081-exec-8] DEBUG o.s.orm.jpa.JpaTransactionManager - Found thread-bound EntityManager [SessionImpl(1904379437<open>)] for JPA transaction
2024-10-07 21:17:04 [http-nio-8081-exec-8] DEBUG o.s.orm.jpa.JpaTransactionManager - Creating new transaction with name [distri.gestion_usuarios.service.UsuarioService.obtenerUsuarioPorId]: PROPAGATION_REQUIRED,ISOLATION_DEFAULT,timeout_5,-java.lang.Exception
2024-10-07 21:17:05 [http-nio-8081-exec-8] DEBUG o.s.orm.jpa.JpaTransactionManager - Exposing JPA transaction as JDBC [org.springframework.orm.jpa.vendor.HibernateJpaDialect$HibernateConnectionHandle@7f45766d]
2024-10-07 21:17:05 [http-nio-8081-exec-8] DEBUG o.s.orm.jpa.JpaTransactionManager - Initiating transaction commit
2024-10-07 21:17:05 [http-nio-8081-exec-8] DEBUG o.s.orm.jpa.JpaTransactionManager - Committing JPA transaction on EntityManager [SessionImpl(1904379437<open>)]
2024-10-07 21:17:05 [http-nio-8081-exec-8] DEBUG o.s.orm.jpa.JpaTransactionManager - Not closing pre-bound JPA EntityManager after transaction
