2024-10-06 15:15:07 [http-nio-8080-exec-1] DEBUG o.s.orm.jpa.JpaTransactionManager - Found thread-bound EntityManager [SessionImpl(1367037526<open>)] for JPA transaction
2024-10-06 15:15:07 [http-nio-8080-exec-1] DEBUG o.s.orm.jpa.JpaTransactionManager - Creating new transaction with name [distri.gestion_usuarios.service.UsuarioService.obtenerUsuarioPorId]: PROPAGATION_REQUIRED,ISOLATION_DEFAULT,timeout_1,-java.lang.Exception
2024-10-06 15:15:08 [http-nio-8080-exec-1] DEBUG o.s.orm.jpa.JpaTransactionManager - Exposing JPA transaction as JDBC [org.springframework.orm.jpa.vendor.HibernateJpaDialect$HibernateConnectionHandle@44b44fba]
2024-10-06 15:15:10 [http-nio-8080-exec-1] DEBUG o.s.orm.jpa.JpaTransactionManager - Initiating transaction rollback
2024-10-06 15:15:10 [http-nio-8080-exec-1] DEBUG o.s.orm.jpa.JpaTransactionManager - Rolling back JPA transaction on EntityManager [SessionImpl(1367037526<open>)]
2024-10-06 15:15:10 [http-nio-8080-exec-1] DEBUG o.s.orm.jpa.JpaTransactionManager - Not closing pre-bound JPA EntityManager after transaction
2024-10-06 15:15:44 [http-nio-8080-exec-1] DEBUG o.s.orm.jpa.JpaTransactionManager - Found thread-bound EntityManager [SessionImpl(1090818110<open>)] for JPA transaction
2024-10-06 15:15:44 [http-nio-8080-exec-1] DEBUG o.s.orm.jpa.JpaTransactionManager - Creating new transaction with name [distri.gestion_usuarios.service.UsuarioService.obtenerUsuarioPorId]: PROPAGATION_REQUIRED,ISOLATION_DEFAULT,timeout_1,-java.lang.Exception
2024-10-06 15:15:44 [http-nio-8080-exec-1] DEBUG o.s.orm.jpa.JpaTransactionManager - Exposing JPA transaction as JDBC [org.springframework.orm.jpa.vendor.HibernateJpaDialect$HibernateConnectionHandle@64344c1f]
2024-10-06 15:15:46 [http-nio-8080-exec-1] DEBUG o.s.orm.jpa.JpaTransactionManager - Initiating transaction rollback
2024-10-06 15:15:46 [http-nio-8080-exec-1] DEBUG o.s.orm.jpa.JpaTransactionManager - Rolling back JPA transaction on EntityManager [SessionImpl(1090818110<open>)]
2024-10-06 15:15:46 [http-nio-8080-exec-1] DEBUG o.s.orm.jpa.JpaTransactionManager - Not closing pre-bound JPA EntityManager after transaction
2024-10-06 15:15:50 [http-nio-8080-exec-2] DEBUG o.s.orm.jpa.JpaTransactionManager - Found thread-bound EntityManager [SessionImpl(181953290<open>)] for JPA transaction
2024-10-06 15:15:50 [http-nio-8080-exec-2] DEBUG o.s.orm.jpa.JpaTransactionManager - Creating new transaction with name [distri.gestion_usuarios.service.UsuarioService.obtenerUsuarioPorId]: PROPAGATION_REQUIRED,ISOLATION_DEFAULT,timeout_1,-java.lang.Exception
2024-10-06 15:15:51 [http-nio-8080-exec-2] DEBUG o.s.orm.jpa.JpaTransactionManager - Exposing JPA transaction as JDBC [org.springframework.orm.jpa.vendor.HibernateJpaDialect$HibernateConnectionHandle@41f9c21]
2024-10-06 15:15:53 [http-nio-8080-exec-2] DEBUG o.s.orm.jpa.JpaTransactionManager - Initiating transaction rollback
2024-10-06 15:15:53 [http-nio-8080-exec-2] DEBUG o.s.orm.jpa.JpaTransactionManager - Rolling back JPA transaction on EntityManager [SessionImpl(181953290<open>)]
2024-10-06 15:15:53 [http-nio-8080-exec-2] DEBUG o.s.orm.jpa.JpaTransactionManager - Not closing pre-bound JPA EntityManager after transaction
2024-10-06 15:16:28 [http-nio-8080-exec-1] DEBUG o.s.orm.jpa.JpaTransactionManager - Found thread-bound EntityManager [SessionImpl(1444199265<open>)] for JPA transaction
2024-10-06 15:16:28 [http-nio-8080-exec-1] DEBUG o.s.orm.jpa.JpaTransactionManager - Creating new transaction with name [distri.gestion_usuarios.service.UsuarioService.obtenerUsuarioPorId]: PROPAGATION_REQUIRED,ISOLATION_DEFAULT,timeout_1,-java.lang.Exception
2024-10-06 15:16:28 [http-nio-8080-exec-1] DEBUG o.s.orm.jpa.JpaTransactionManager - Exposing JPA transaction as JDBC [org.springframework.orm.jpa.vendor.HibernateJpaDialect$HibernateConnectionHandle@69412dbe]
2024-10-06 15:16:30 [http-nio-8080-exec-1] DEBUG o.s.orm.jpa.JpaTransactionManager - Initiating transaction rollback
2024-10-06 15:16:30 [http-nio-8080-exec-1] DEBUG o.s.orm.jpa.JpaTransactionManager - Rolling back JPA transaction on EntityManager [SessionImpl(1444199265<open>)]
2024-10-06 15:16:30 [http-nio-8080-exec-1] DEBUG o.s.orm.jpa.JpaTransactionManager - Not closing pre-bound JPA EntityManager after transaction
2024-10-06 15:16:34 [http-nio-8080-exec-2] DEBUG o.s.orm.jpa.JpaTransactionManager - Found thread-bound EntityManager [SessionImpl(28520801<open>)] for JPA transaction
2024-10-06 15:16:34 [http-nio-8080-exec-2] DEBUG o.s.orm.jpa.JpaTransactionManager - Creating new transaction with name [distri.gestion_usuarios.service.UsuarioService.obtenerUsuarioPorId]: PROPAGATION_REQUIRED,ISOLATION_DEFAULT,timeout_1,-java.lang.Exception
2024-10-06 15:16:34 [http-nio-8080-exec-2] DEBUG o.s.orm.jpa.JpaTransactionManager - Exposing JPA transaction as JDBC [org.springframework.orm.jpa.vendor.HibernateJpaDialect$HibernateConnectionHandle@f74df27]
2024-10-06 15:16:36 [http-nio-8080-exec-2] DEBUG o.s.orm.jpa.JpaTransactionManager - Initiating transaction rollback
2024-10-06 15:16:36 [http-nio-8080-exec-2] DEBUG o.s.orm.jpa.JpaTransactionManager - Rolling back JPA transaction on EntityManager [SessionImpl(28520801<open>)]
2024-10-06 15:16:36 [http-nio-8080-exec-2] DEBUG o.s.orm.jpa.JpaTransactionManager - Not closing pre-bound JPA EntityManager after transaction
2024-10-06 15:48:02 [http-nio-8080-exec-1] DEBUG o.s.orm.jpa.JpaTransactionManager - Found thread-bound EntityManager [SessionImpl(1705511911<open>)] for JPA transaction
2024-10-06 15:48:02 [http-nio-8080-exec-1] DEBUG o.s.orm.jpa.JpaTransactionManager - Creating new transaction with name [distri.gestion_usuarios.service.UsuarioService.obtenerUsuarioPorId]: PROPAGATION_REQUIRED,ISOLATION_DEFAULT,timeout_1,-java.lang.Exception
2024-10-06 15:48:02 [http-nio-8080-exec-1] DEBUG o.s.orm.jpa.JpaTransactionManager - Exposing JPA transaction as JDBC [org.springframework.orm.jpa.vendor.HibernateJpaDialect$HibernateConnectionHandle@73f58bad]
2024-10-06 15:48:03 [http-nio-8080-exec-1] DEBUG o.s.orm.jpa.JpaTransactionManager - Initiating transaction commit
2024-10-06 15:48:03 [http-nio-8080-exec-1] DEBUG o.s.orm.jpa.JpaTransactionManager - Committing JPA transaction on EntityManager [SessionImpl(1705511911<open>)]
2024-10-06 15:48:03 [http-nio-8080-exec-1] DEBUG o.s.orm.jpa.JpaTransactionManager - Not closing pre-bound JPA EntityManager after transaction
2024-10-06 15:48:36 [http-nio-8080-exec-3] DEBUG o.s.orm.jpa.JpaTransactionManager - Found thread-bound EntityManager [SessionImpl(362570703<open>)] for JPA transaction
2024-10-06 15:48:36 [http-nio-8080-exec-3] DEBUG o.s.orm.jpa.JpaTransactionManager - Creating new transaction with name [distri.gestion_usuarios.service.UsuarioService.obtenerUsuarioPorId]: PROPAGATION_REQUIRED,ISOLATION_DEFAULT,timeout_1,-java.lang.Exception
2024-10-06 15:48:36 [http-nio-8080-exec-3] DEBUG o.s.orm.jpa.JpaTransactionManager - Exposing JPA transaction as JDBC [org.springframework.orm.jpa.vendor.HibernateJpaDialect$HibernateConnectionHandle@1b5b9f0c]
2024-10-06 15:48:37 [http-nio-8080-exec-3] DEBUG o.s.orm.jpa.JpaTransactionManager - Initiating transaction commit
2024-10-06 15:48:37 [http-nio-8080-exec-3] DEBUG o.s.orm.jpa.JpaTransactionManager - Committing JPA transaction on EntityManager [SessionImpl(362570703<open>)]
2024-10-06 15:48:37 [http-nio-8080-exec-3] DEBUG o.s.orm.jpa.JpaTransactionManager - Not closing pre-bound JPA EntityManager after transaction
2024-10-06 15:49:20 [http-nio-8080-exec-8] DEBUG o.s.orm.jpa.JpaTransactionManager - Found thread-bound EntityManager [SessionImpl(282115134<open>)] for JPA transaction
2024-10-06 15:49:20 [http-nio-8080-exec-8] DEBUG o.s.orm.jpa.JpaTransactionManager - Creating new transaction with name [distri.gestion_usuarios.service.UsuarioService.obtenerUsuarioPorId]: PROPAGATION_REQUIRED,ISOLATION_DEFAULT,timeout_1,-java.lang.Exception
2024-10-06 15:49:20 [http-nio-8080-exec-8] DEBUG o.s.orm.jpa.JpaTransactionManager - Exposing JPA transaction as JDBC [org.springframework.orm.jpa.vendor.HibernateJpaDialect$HibernateConnectionHandle@1e175054]
2024-10-06 15:49:21 [http-nio-8080-exec-8] DEBUG o.s.orm.jpa.JpaTransactionManager - Initiating transaction commit
2024-10-06 15:49:21 [http-nio-8080-exec-8] DEBUG o.s.orm.jpa.JpaTransactionManager - Committing JPA transaction on EntityManager [SessionImpl(282115134<open>)]
2024-10-06 15:49:21 [http-nio-8080-exec-8] DEBUG o.s.orm.jpa.JpaTransactionManager - Not closing pre-bound JPA EntityManager after transaction
2024-10-06 15:50:02 [http-nio-8080-exec-1] DEBUG o.s.orm.jpa.JpaTransactionManager - Found thread-bound EntityManager [SessionImpl(326944606<open>)] for JPA transaction
2024-10-06 15:50:02 [http-nio-8080-exec-1] DEBUG o.s.orm.jpa.JpaTransactionManager - Creating new transaction with name [distri.gestion_usuarios.service.UsuarioService.obtenerUsuarioPorId]: PROPAGATION_REQUIRED,ISOLATION_DEFAULT,timeout_5,-java.lang.Exception
2024-10-06 15:50:03 [http-nio-8080-exec-1] DEBUG o.s.orm.jpa.JpaTransactionManager - Exposing JPA transaction as JDBC [org.springframework.orm.jpa.vendor.HibernateJpaDialect$HibernateConnectionHandle@716de7e9]
2024-10-06 15:50:03 [http-nio-8080-exec-1] DEBUG o.s.orm.jpa.JpaTransactionManager - Initiating transaction commit
2024-10-06 15:50:03 [http-nio-8080-exec-1] DEBUG o.s.orm.jpa.JpaTransactionManager - Committing JPA transaction on EntityManager [SessionImpl(326944606<open>)]
2024-10-06 15:50:03 [http-nio-8080-exec-1] DEBUG o.s.orm.jpa.JpaTransactionManager - Not closing pre-bound JPA EntityManager after transaction
