2024-09-13 19:00:26 [http-nio-8080-exec-6] WARN  d.g.service.UsuarioService - >>> Usuario no encontrado con id: 60 o email: null <<<
2024-09-13 19:00:53 [http-nio-8080-exec-9] WARN  d.g.service.UsuarioService - >>> Usuario no encontrado con id: null o email: 54 <<<
2024-09-13 19:10:51 [http-nio-8080-exec-3] WARN  d.g.service.UsuarioService - >>> Usuario no encontrado con id: 4545 o email: null <<<
2024-09-13 19:10:57 [http-nio-8080-exec-4] INFO  d.g.service.UsuarioService - //// Usuario marcado como eliminado con id: 50 o email: null ////
2024-09-13 19:17:59 [http-nio-8080-exec-6] INFO  d.g.service.UsuarioService - //// Usuario guardado exitosamente: Usuario(nombre=Lu, email=janesmith@example.com, password=una contrase;a hasheada, rol=Rol(nombre=Manager, descripcion=Manager with room management privileges)) ////
2024-09-13 19:23:30 [http-nio-8080-exec-1] WARN  d.g.service.UsuarioService - >>> Usuario no encontrado con id: 4545 o email: null <<<
2024-09-13 19:23:46 [http-nio-8080-exec-3] INFO  d.g.service.UsuarioService - //// Usuario marcado como eliminado con id: 50 o email: null ////
2024-09-13 19:27:35 [http-nio-8080-exec-9] INFO  d.g.service.UsuarioService - //// Usuario guardado exitosamente: Usuario(nombre=Lu, email=Lucia.com, password=una contrase;a hasheada, rol=Rol(nombre=Manager, descripcion=Manager with room management privileges)) ////
2024-09-13 19:27:42 [http-nio-8080-exec-10] INFO  d.g.service.UsuarioService - //// Usuario marcado como eliminado con id: 50 o email: null ////
2024-09-13 19:27:47 [http-nio-8080-exec-1] INFO  d.g.service.UsuarioService - //// Usuario actualizado exitosamente con ID: 4 ////
2024-09-13 19:28:03 [http-nio-8080-exec-2] INFO  d.g.service.UsuarioService - //// Usuario actualizado exitosamente con ID: 50 ////
2024-09-13 20:13:54 [http-nio-8080-exec-2] INFO  d.g.service.UsuarioService - //// Usuario marcado como eliminado con id: 50 o email: null ////
2024-09-13 20:13:57 [http-nio-8080-exec-3] WARN  d.g.service.UsuarioService - >>> Usuario no encontrado con id: 5000 o email: null <<<
2024-09-13 20:14:26 [http-nio-8080-exec-5] WARN  d.g.service.UsuarioService - >>> Usuario no encontrado con id: null o email: sd <<<
2024-09-13 20:20:09 [http-nio-8080-exec-3] WARN  d.g.service.UsuarioService - >>> Usuario no encontrado con id: null o email: 54 <<<
2024-09-13 20:20:29 [http-nio-8080-exec-6] WARN  d.g.service.UsuarioService - >>> Usuario no encontrado con id: 54 o email: null <<<
2024-09-13 20:20:34 [http-nio-8080-exec-7] INFO  d.g.service.UsuarioService - //// Usuario marcado como eliminado con id: 50 o email: null ////
2024-09-13 20:23:20 [http-nio-8080-exec-5] INFO  d.g.service.UsuarioService - //// Usuario guardado exitosamente: Usuario(nombre=Lucia, email=Lucia2.com, password=una contrase;a hasheada, rol=Rol(nombre=Guest, descripcion=Standard guest role)) ////
2024-09-13 20:23:32 [http-nio-8080-exec-6] INFO  d.g.service.UsuarioService - //// Usuario actualizado exitosamente con ID: 50 ////
2024-09-13 20:23:33 [http-nio-8080-exec-7] INFO  d.g.service.UsuarioService - //// Usuario actualizado exitosamente con ID: 50 ////
2024-09-13 20:23:50 [http-nio-8080-exec-8] INFO  d.g.service.UsuarioService - //// Usuario marcado como eliminado con id: 50 o email: null ////
2024-09-13 21:20:03 [http-nio-8080-exec-7] INFO  d.g.service.UsuarioService - //// Buscando usuario con ID: 5 ////
