2024-09-20 20:28:51 [http-nio-8080-exec-1] INFO  d.g.service.HabitacionService - Buscando habitación con ID: 105
2024-09-20 20:28:51 [http-nio-8080-exec-1] INFO  d.g.service.HabitacionService - Habitación encontrada con ID: 105
2024-09-20 20:29:04 [http-nio-8080-exec-4] INFO  d.g.service.HabitacionService - Buscando habitación con ID: 103
2024-09-20 20:29:05 [http-nio-8080-exec-4] INFO  d.g.service.HabitacionService - Habitación encontrada con ID: 103
2024-09-20 20:29:16 [http-nio-8080-exec-6] INFO  d.g.service.HabitacionService - Buscando habitación con ID: 101
2024-09-20 20:29:17 [http-nio-8080-exec-6] INFO  d.g.service.HabitacionService - Habitación encontrada con ID: 101
2024-09-20 20:29:36 [http-nio-8080-exec-7] INFO  d.g.service.HabitacionService - Iniciando actualización de la habitación con ID: 1
2024-09-20 20:29:36 [http-nio-8080-exec-7] ERROR d.g.service.HabitacionService - Error al actualizar la habitación: Habitación no encontrada
java.lang.RuntimeException: Habitación no encontrada
	at distri.gestion_habitaciones.service.HabitacionService.lambda$actualizarHabitacion$4(HabitacionService.java:113)
	at java.base/java.util.Optional.orElseThrow(Optional.java:403)
	at distri.gestion_habitaciones.service.HabitacionService.actualizarHabitacion(HabitacionService.java:113)
	at java.base/jdk.internal.reflect.DirectMethodHandleAccessor.invoke(DirectMethodHandleAccessor.java:103)
	at java.base/java.lang.reflect.Method.invoke(Method.java:580)
	at org.springframework.aop.support.AopUtils.invokeJoinpointUsingReflection(AopUtils.java:355)
	at org.springframework.aop.framework.ReflectiveMethodInvocation.invokeJoinpoint(ReflectiveMethodInvocation.java:196)
	at org.springframework.aop.framework.ReflectiveMethodInvocation.proceed(ReflectiveMethodInvocation.java:163)
	at org.springframework.aop.framework.CglibAopProxy$CglibMethodInvocation.proceed(CglibAopProxy.java:768)
	at org.springframework.cache.interceptor.CacheInterceptor.lambda$invoke$0(CacheInterceptor.java:55)
	at org.springframework.cache.interceptor.CacheAspectSupport.invokeOperation(CacheAspectSupport.java:416)
	at org.springframework.cache.interceptor.CacheAspectSupport.evaluate(CacheAspectSupport.java:551)
	at org.springframework.cache.interceptor.CacheAspectSupport.execute(CacheAspectSupport.java:433)
	at org.springframework.cache.interceptor.CacheAspectSupport.execute(CacheAspectSupport.java:395)
	at org.springframework.cache.interceptor.CacheInterceptor.invoke(CacheInterceptor.java:65)
	at org.springframework.aop.framework.ReflectiveMethodInvocation.proceed(ReflectiveMethodInvocation.java:184)
	at org.springframework.aop.framework.CglibAopProxy$CglibMethodInvocation.proceed(CglibAopProxy.java:768)
	at org.springframework.aop.framework.CglibAopProxy$DynamicAdvisedInterceptor.intercept(CglibAopProxy.java:720)
	at distri.gestion_habitaciones.service.HabitacionService$$SpringCGLIB$$0.actualizarHabitacion(<generated>)
	at distri.gestion_habitaciones.controller.HabitacionController.actualizarHabitacion(HabitacionController.java:100)
	at java.base/jdk.internal.reflect.DirectMethodHandleAccessor.invoke(DirectMethodHandleAccessor.java:103)
	at java.base/java.lang.reflect.Method.invoke(Method.java:580)
	at org.springframework.web.method.support.InvocableHandlerMethod.doInvoke(InvocableHandlerMethod.java:255)
	at org.springframework.web.method.support.InvocableHandlerMethod.invokeForRequest(InvocableHandlerMethod.java:188)
	at org.springframework.web.servlet.mvc.method.annotation.ServletInvocableHandlerMethod.invokeAndHandle(ServletInvocableHandlerMethod.java:118)
	at org.springframework.web.servlet.mvc.method.annotation.RequestMappingHandlerAdapter.invokeHandlerMethod(RequestMappingHandlerAdapter.java:926)
	at org.springframework.web.servlet.mvc.method.annotation.RequestMappingHandlerAdapter.handleInternal(RequestMappingHandlerAdapter.java:831)
	at org.springframework.web.servlet.mvc.method.AbstractHandlerMethodAdapter.handle(AbstractHandlerMethodAdapter.java:87)
	at org.springframework.web.servlet.DispatcherServlet.doDispatch(DispatcherServlet.java:1089)
	at org.springframework.web.servlet.DispatcherServlet.doService(DispatcherServlet.java:979)
	at org.springframework.web.servlet.FrameworkServlet.processRequest(FrameworkServlet.java:1014)
	at org.springframework.web.servlet.FrameworkServlet.service(FrameworkServlet.java:888)
	at jakarta.servlet.http.HttpServlet.service(HttpServlet.java:658)
	at org.apache.catalina.core.ApplicationFilterChain.internalDoFilter(ApplicationFilterChain.java:195)
	at org.apache.catalina.core.ApplicationFilterChain.doFilter(ApplicationFilterChain.java:140)
	at org.apache.tomcat.websocket.server.WsFilter.doFilter(WsFilter.java:51)
	at org.apache.catalina.core.ApplicationFilterChain.internalDoFilter(ApplicationFilterChain.java:164)
	at org.apache.catalina.core.ApplicationFilterChain.doFilter(ApplicationFilterChain.java:140)
	at org.springframework.web.filter.RequestContextFilter.doFilterInternal(RequestContextFilter.java:100)
	at org.springframework.web.filter.OncePerRequestFilter.doFilter(OncePerRequestFilter.java:116)
	at org.apache.catalina.core.ApplicationFilterChain.internalDoFilter(ApplicationFilterChain.java:164)
	at org.apache.catalina.core.ApplicationFilterChain.doFilter(ApplicationFilterChain.java:140)
	at org.springframework.web.filter.FormContentFilter.doFilterInternal(FormContentFilter.java:93)
	at org.springframework.web.filter.OncePerRequestFilter.doFilter(OncePerRequestFilter.java:116)
	at org.apache.catalina.core.ApplicationFilterChain.internalDoFilter(ApplicationFilterChain.java:164)
	at org.apache.catalina.core.ApplicationFilterChain.doFilter(ApplicationFilterChain.java:140)
	at org.springframework.web.filter.CharacterEncodingFilter.doFilterInternal(CharacterEncodingFilter.java:201)
	at org.springframework.web.filter.OncePerRequestFilter.doFilter(OncePerRequestFilter.java:116)
	at org.apache.catalina.core.ApplicationFilterChain.internalDoFilter(ApplicationFilterChain.java:164)
	at org.apache.catalina.core.ApplicationFilterChain.doFilter(ApplicationFilterChain.java:140)
	at org.apache.catalina.core.StandardWrapperValve.invoke(StandardWrapperValve.java:167)
	at org.apache.catalina.core.StandardContextValve.invoke(StandardContextValve.java:90)
	at org.apache.catalina.authenticator.AuthenticatorBase.invoke(AuthenticatorBase.java:483)
	at org.apache.catalina.core.StandardHostValve.invoke(StandardHostValve.java:115)
	at org.apache.catalina.valves.ErrorReportValve.invoke(ErrorReportValve.java:93)
	at org.apache.catalina.core.StandardEngineValve.invoke(StandardEngineValve.java:74)
	at org.apache.catalina.connector.CoyoteAdapter.service(CoyoteAdapter.java:344)
	at org.apache.coyote.http11.Http11Processor.service(Http11Processor.java:384)
	at org.apache.coyote.AbstractProcessorLight.process(AbstractProcessorLight.java:63)
	at org.apache.coyote.AbstractProtocol$ConnectionHandler.process(AbstractProtocol.java:904)
	at org.apache.tomcat.util.net.NioEndpoint$SocketProcessor.doRun(NioEndpoint.java:1741)
	at org.apache.tomcat.util.net.SocketProcessorBase.run(SocketProcessorBase.java:52)
	at org.apache.tomcat.util.threads.ThreadPoolExecutor.runWorker(ThreadPoolExecutor.java:1190)
	at org.apache.tomcat.util.threads.ThreadPoolExecutor$Worker.run(ThreadPoolExecutor.java:659)
	at org.apache.tomcat.util.threads.TaskThread$WrappingRunnable.run(TaskThread.java:63)
	at java.base/java.lang.Thread.run(Thread.java:1570)
2024-09-20 20:30:15 [http-nio-8080-exec-8] INFO  d.g.service.HabitacionService - Iniciando actualización de la habitación con ID: 101
2024-09-20 20:30:16 [http-nio-8080-exec-8] INFO  d.g.service.HabitacionService - Habitación actualizada exitosamente con ID: 101
2024-09-20 20:30:39 [http-nio-8080-exec-10] INFO  d.g.service.HabitacionService - Iniciando actualización de la habitación con ID: 101
2024-09-20 20:30:41 [http-nio-8080-exec-10] INFO  d.g.service.HabitacionService - Habitación actualizada exitosamente con ID: 101
2024-09-20 20:30:54 [http-nio-8080-exec-2] INFO  d.g.service.HabitacionService - Iniciando eliminación de la habitación con ID: 101
2024-09-20 20:30:55 [http-nio-8080-exec-2] INFO  d.g.service.HabitacionService - Habitación marcada como eliminada con ID: 101
2024-09-20 20:31:01 [http-nio-8080-exec-3] INFO  d.g.service.HabitacionService - Buscando habitación con ID: 101
2024-09-20 20:31:02 [http-nio-8080-exec-3] WARN  d.g.service.HabitacionService - Habitación no encontrada con ID: 101
2024-09-20 20:31:11 [http-nio-8080-exec-4] INFO  d.g.service.HabitacionService - Iniciando restauración de la habitación con ID: 101
2024-09-20 20:31:12 [http-nio-8080-exec-4] INFO  d.g.service.HabitacionService - Habitación restaurada exitosamente con ID: 101
